<?xml version="1.0" encoding="UTF-8" standalone="no"?>
<!DOCTYPE log SYSTEM "logger.dtd">
<log>
<record>
  <date>2019-03-24T13:58:20</date>
  <millis>1553416100561</millis>
  <sequence>0</sequence>
  <level>START</level>
  <class>com.kms.katalon.core.logging.XmlKeywordLogger</class>
  <method>startSuite</method>
  <thread>1</thread>
  <message>Start Test Suite : Test Suites/MultipleAddNumber</message>
  <nestedLevel>0</nestedLevel>
  <property name="name">MultipleAddNumber</property>
  <property name="description"></property>
  <property name="id">Test Suites/MultipleAddNumber</property>
</record>
<record>
  <date>2019-03-24T13:58:20</date>
  <millis>1553416100579</millis>
  <sequence>1</sequence>
  <level>RUN_DATA</level>
  <class>com.kms.katalon.core.logging.XmlKeywordLogger</class>
  <method>logMessage</method>
  <thread>1</thread>
  <message>hostName = 703219448 - 703219448GDL.IND.CORP.AD</message>
  <nestedLevel>0</nestedLevel>
  <property name="hostName">703219448 - 703219448GDL.IND.CORP.AD</property>
</record>
<record>
  <date>2019-03-24T13:58:20</date>
  <millis>1553416100581</millis>
  <sequence>2</sequence>
  <level>RUN_DATA</level>
  <class>com.kms.katalon.core.logging.XmlKeywordLogger</class>
  <method>logMessage</method>
  <thread>1</thread>
  <message>os = Windows 10 64bit</message>
  <nestedLevel>0</nestedLevel>
  <property name="os">Windows 10 64bit</property>
</record>
<record>
  <date>2019-03-24T13:58:20</date>
  <millis>1553416100581</millis>
  <sequence>3</sequence>
  <level>RUN_DATA</level>
  <class>com.kms.katalon.core.logging.XmlKeywordLogger</class>
  <method>logMessage</method>
  <thread>1</thread>
  <message>hostAddress = 10.168.209.184</message>
  <nestedLevel>0</nestedLevel>
  <property name="hostAddress">10.168.209.184</property>
</record>
<record>
  <date>2019-03-24T13:58:20</date>
  <millis>1553416100582</millis>
  <sequence>4</sequence>
  <level>RUN_DATA</level>
  <class>com.kms.katalon.core.logging.XmlKeywordLogger</class>
  <method>logMessage</method>
  <thread>1</thread>
  <message>katalonVersion = 5.9.1.2</message>
  <nestedLevel>0</nestedLevel>
  <property name="katalonVersion">5.9.1.2</property>
</record>
<record>
  <date>2019-03-24T13:58:20</date>
  <millis>1553416100828</millis>
  <sequence>5</sequence>
  <level>START</level>
  <class>com.kms.katalon.core.logging.XmlKeywordLogger</class>
  <method>startTest</method>
  <thread>1</thread>
  <message>Start Test Case : Test Cases/Assignment1/AddOperation</message>
  <nestedLevel>1</nestedLevel>
  <property name="name">Test Cases/Assignment1/AddOperation</property>
  <property name="description"></property>
  <property name="id">Test Cases/Assignment1/AddOperation</property>
  <property name="source">D:\\Users\\703219448\\Katalon Studio\\ATHOME\\Test Cases\\Assignment1\\AddOperation.tc</property>
  <property name="isOptional">false</property>
</record>
<record>
  <date>2019-03-24T13:58:20</date>
  <millis>1553416100855</millis>
  <sequence>7</sequence>
  <level>INFO</level>
  <class>com.kms.katalon.core.logging.XmlKeywordLogger</class>
  <method>logMessage</method>
  <thread>1</thread>
  <message>Number1 = 5</message>
  <nestedLevel>1</nestedLevel>
</record>
<record>
  <date>2019-03-24T13:58:20</date>
  <millis>1553416100856</millis>
  <sequence>8</sequence>
  <level>INFO</level>
  <class>com.kms.katalon.core.logging.XmlKeywordLogger</class>
  <method>logMessage</method>
  <thread>1</thread>
  <message>Number2 = 10</message>
  <nestedLevel>1</nestedLevel>
</record>
<record>
  <date>2019-03-24T13:58:21</date>
  <millis>1553416101358</millis>
  <sequence>9</sequence>
  <level>START</level>
  <class>com.kms.katalon.core.logging.XmlKeywordLogger</class>
  <method>startKeyword</method>
  <thread>1</thread>
  <message>Start action : assignment1.Number.number(Number1, Number2)</message>
  <nestedLevel>1</nestedLevel>
  <property name="startLine">24</property>
  <property name="stepIndex">1</property>
</record>
<record>
  <date>2019-03-24T13:58:21</date>
  <millis>1553416101381</millis>
  <sequence>10</sequence>
  <level>PASSED</level>
  <class>com.kms.katalon.core.logging.XmlKeywordLogger</class>
  <method>logMessage</method>
  <thread>1</thread>
  <message>assignment1.Number.number is PASSED</message>
  <nestedLevel>1</nestedLevel>
</record>
<record>
  <date>2019-03-24T13:58:21</date>
  <millis>1553416101381</millis>
  <sequence>11</sequence>
  <level>END</level>
  <class>com.kms.katalon.core.logging.XmlKeywordLogger</class>
  <method>endKeyword</method>
  <thread>1</thread>
  <message>End action : assignment1.Number.number(Number1, Number2)</message>
  <nestedLevel>1</nestedLevel>
</record>
<record>
  <date>2019-03-24T13:58:21</date>
  <millis>1553416101382</millis>
  <sequence>12</sequence>
  <level>PASSED</level>
  <class>com.kms.katalon.core.logging.XmlKeywordLogger</class>
  <method>logMessage</method>
  <thread>1</thread>
  <message>Test Cases/Assignment1/AddOperation</message>
  <nestedLevel>1</nestedLevel>
</record>
<record>
  <date>2019-03-24T13:58:21</date>
  <millis>1553416101383</millis>
  <sequence>13</sequence>
  <level>END</level>
  <class>com.kms.katalon.core.logging.XmlKeywordLogger</class>
  <method>endTest</method>
  <thread>1</thread>
  <message>End Test Case : Test Cases/Assignment1/AddOperation</message>
  <nestedLevel>0</nestedLevel>
</record>
<record>
  <date>2019-03-24T13:58:21</date>
  <millis>1553416101540</millis>
  <sequence>14</sequence>
  <level>END</level>
  <class>com.kms.katalon.core.logging.XmlKeywordLogger</class>
  <method>endSuite</method>
  <thread>1</thread>
  <message>End Test Suite : Test Suites/MultipleAddNumber</message>
  <nestedLevel>0</nestedLevel>
</record>
</log>
